c:\users\leman\desktop\soubory\.projects\gta5_imgui\build\intermediates\vc143.pdb
c:\users\leman\desktop\soubory\.projects\gta5_imgui\build\intermediates\tictactoe.obj
c:\users\leman\desktop\soubory\.projects\gta5_imgui\build\intermediates\processhandler.obj
c:\users\leman\desktop\soubory\.projects\gta5_imgui\build\intermediates\main.obj
c:\users\leman\desktop\soubory\.projects\gta5_imgui\build\intermediates\imgui_widgets.obj
c:\users\leman\desktop\soubory\.projects\gta5_imgui\build\intermediates\imgui_tables.obj
c:\users\leman\desktop\soubory\.projects\gta5_imgui\build\intermediates\imgui_impl_win32.obj
c:\users\leman\desktop\soubory\.projects\gta5_imgui\build\intermediates\imgui_impl_dx11.obj
c:\users\leman\desktop\soubory\.projects\gta5_imgui\build\intermediates\imgui_draw.obj
c:\users\leman\desktop\soubory\.projects\gta5_imgui\build\intermediates\imgui_demo.obj
c:\users\leman\desktop\soubory\.projects\gta5_imgui\build\intermediates\imgui.obj
c:\users\leman\desktop\soubory\.projects\gta5_imgui\build\gta5_imgui.exe
c:\users\leman\desktop\soubory\.projects\gta5_imgui\build\gta5_imgui.pdb
c:\users\leman\desktop\soubory\.projects\gta5_imgui\build\intermediates\gta5_imgui.ipdb
c:\users\leman\desktop\soubory\.projects\gta5_imgui\build\intermediates\gta5_imgui.iobj
c:\users\leman\desktop\soubory\.projects\gta5_imgui\\build\gta5_imgui.pdb
c:\users\leman\desktop\soubory\.projects\gta5_imgui\\build\intermediates\gta5_imgui.vcxproj.filelistabsolute.txt
c:\users\leman\desktop\soubory\.projects\gta5_imgui\build\intermediates\gta5_imgui.tlog\cl.command.1.tlog
c:\users\leman\desktop\soubory\.projects\gta5_imgui\build\intermediates\gta5_imgui.tlog\cl.items.tlog
c:\users\leman\desktop\soubory\.projects\gta5_imgui\build\intermediates\gta5_imgui.tlog\cl.read.1.tlog
c:\users\leman\desktop\soubory\.projects\gta5_imgui\build\intermediates\gta5_imgui.tlog\cl.write.1.tlog
c:\users\leman\desktop\soubory\.projects\gta5_imgui\build\intermediates\gta5_imgui.tlog\link.command.1.tlog
c:\users\leman\desktop\soubory\.projects\gta5_imgui\build\intermediates\gta5_imgui.tlog\link.read.1.tlog
c:\users\leman\desktop\soubory\.projects\gta5_imgui\build\intermediates\gta5_imgui.tlog\link.secondary.1.tlog
c:\users\leman\desktop\soubory\.projects\gta5_imgui\build\intermediates\gta5_imgui.tlog\link.write.1.tlog
